TN:
SF:src/App.tsx
FN:3,App
FNF:1
FNH:1
FNDA:1,App
DA:1,1
DA:5,1
DA:11,1
LF:3
LH:3
BRF:0
BRH:0
end_of_record
TN:
SF:src/pages/DemoTable/SelectedItem.tsx
FN:7,(anonymous_1)
FN:24,(anonymous_2)
FN:25,(anonymous_3)
FN:29,(anonymous_4)
FNF:4
FNH:4
FNDA:15,(anonymous_1)
FNDA:1,(anonymous_2)
FNDA:30,(anonymous_3)
FNDA:30,(anonymous_4)
DA:1,3
DA:3,3
DA:4,3
DA:5,3
DA:6,3
DA:7,3
DA:8,15
DA:9,15
DA:22,15
DA:24,1
DA:26,30
DA:30,30
DA:75,3
LF:13
LH:13
BRDA:13,0,0,15
BRDA:13,0,1,10
BRDA:18,1,0,15
BRDA:18,1,1,10
BRDA:19,2,0,15
BRDA:19,2,1,10
BRDA:32,3,0,10
BRDA:32,3,1,20
BRDA:34,4,0,10
BRDA:34,4,1,8
BRDA:43,5,0,8
BRDA:43,5,1,5
BRDA:45,6,0,8
BRDA:45,6,1,5
BRDA:47,7,0,8
BRDA:47,7,1,5
BRDA:51,8,0,10
BRDA:51,8,1,2
BRDA:54,9,0,2
BRDA:54,9,1,1
BRDA:55,10,0,2
BRDA:55,10,1,1
BRF:22
BRH:22
end_of_record
TN:
SF:src/pages/DemoTable/index.tsx
FN:15,(anonymous_1)
FN:20,(anonymous_2)
FN:32,(anonymous_3)
FN:60,(anonymous_4)
FN:71,(anonymous_5)
FN:97,(anonymous_6)
FN:109,(anonymous_7)
FN:130,(anonymous_8)
FNF:8
FNH:7
FNDA:9,(anonymous_1)
FNDA:3,(anonymous_2)
FNDA:3,(anonymous_3)
FNDA:5,(anonymous_4)
FNDA:5,(anonymous_5)
FNDA:5,(anonymous_6)
FNDA:0,(anonymous_7)
FNDA:10,(anonymous_8)
DA:1,2
DA:2,2
DA:3,2
DA:4,2
DA:5,2
DA:6,2
DA:7,2
DA:8,2
DA:10,2
DA:11,2
DA:12,2
DA:15,2
DA:16,9
DA:17,9
DA:18,9
DA:19,9
DA:20,9
DA:21,3
DA:22,3
DA:23,3
DA:24,1
DA:26,1
DA:28,2
DA:32,9
DA:33,3
DA:36,9
DA:61,5
DA:72,5
DA:73,5
DA:98,5
DA:109,9
DA:110,0
DA:111,0
DA:117,9
DA:130,10
DA:142,2
LF:36
LH:34
BRDA:24,0,0,1
BRDA:24,0,1,0
BRDA:61,1,0,5
BRDA:61,1,1,0
BRDA:72,2,0,5
BRDA:72,2,1,0
BRF:6
BRH:3
end_of_record
TN:
SF:src/pages/components/ImageComponent.tsx
FN:5,(anonymous_0)
FNF:1
FNH:1
FNDA:9,(anonymous_0)
DA:1,4
DA:5,4
DA:11,9
DA:21,4
LF:4
LH:4
BRF:0
BRH:0
end_of_record
